<?xml version="1.0" encoding="UTF-8"?>
<!-- Generated by org.testng.reporters.JUnitReportReporter -->
<testsuite hostname="LAPTOP-820ERDM2" failures="0" tests="4" name="test.TestNGmobileshoping" time="61.090" errors="0" timestamp="2022-10-07T18:24:47 IST" skipped="0">
  <testcase classname="test.TestNGmobileshoping" name="test1mobileclick" time="22.386"/>
  <system-out/>
  <testcase classname="test.TestNGmobileshoping" name="movetoelectronics" time="7.791"/>
  <system-out/>
  <testcase classname="test.TestNGmobileshoping" name="clicksmartphone" time="10.839"/>
  <system-out/>
  <testcase classname="test.TestNGmobileshoping" name="clicksmphone" time="20.074"/>
  <system-out/>
</testsuite> <!-- test.TestNGmobileshoping -->
