<?xml version="1.0" encoding="UTF-8"?>
<!-- Generated by org.testng.reporters.JUnitReportReporter -->
<testsuite hostname="LAPTOP-820ERDM2" failures="0" tests="2" name="test.TestnGG" time="9.460" errors="0" timestamp="2022-10-07T18:24:47 IST" skipped="0">
  <testcase classname="test.TestnGG" name="test1" time="4.960"/>
  <system-out/>
  <testcase classname="test.TestnGG" name="test2" time="4.500"/>
  <system-out/>
</testsuite> <!-- test.TestnGG -->
